2025-07-08T10:36:38.194Z [ERROR]: No test files found for path: promptfoo/prompts/favorites.yaml
2025-07-08T10:39:04.437Z [ERROR]: No test files found for path: promptfoo/prompts/favorites.yaml
2025-07-08T10:40:00.530Z [ERROR]: No test files found for path: promptfoo/prompts/favorites.yaml
2025-07-08T10:40:04.001Z [ERROR]: No test files found for path: promptfoo/prompts/favorites.yaml
2025-07-08T10:50:04.945Z [ERROR]: No test files found for path: prompts/favorites.yaml
2025-07-08T10:50:20.586Z [ERROR]: No test files found for path: prompts/favorites.yaml
2025-07-08T10:50:26.090Z [ERROR]: No test files found for path: prompts/favorites.yaml
